<?xml version="1.0" encoding="UTF-8"?>
<!-- Generated by org.testng.reporters.JUnitReportReporter -->
<testsuite hostname="LAPTOP-128BB7V0" failures="0" tests="6" name="altoromutual.AltoroMutualTest" time="9.916" errors="0" timestamp="2022-11-09T16:11:32 IST" skipped="0">
  <testcase classname="altoromutual.AltoroMutualTest" name="login" time="1.157"/>
  <system-out/>
  <testcase classname="altoromutual.AltoroMutualTest" name="login" time="1.199"/>
  <system-out/>
  <testcase classname="altoromutual.AltoroMutualTest" name="accountCheck" time="0.835"/>
  <system-out/>
  <testcase classname="altoromutual.AltoroMutualTest" name="transferFunds" time="0.945"/>
  <system-out/>
  <testcase classname="altoromutual.AltoroMutualTest" name="transactionDetails" time="0.427"/>
  <system-out/>
  <testcase classname="altoromutual.AltoroMutualTest" name="signOff" time="5.353"/>
  <system-out/>
</testsuite> <!-- altoromutual.AltoroMutualTest -->
